<?xml version="1.0" encoding="UTF-8"?>
<!-- Generated by org.testng.reporters.JUnitXMLReporter -->
<testsuite ignored="0" hostname="DESKTOP-LT7SG4G" failures="1" tests="1" name="Test" time="18.826" errors="0" timestamp="2024-01-30T15:59:29 IST">
  <testcase classname="com.Hybride.testcase.TC_LoginPage_001" name="loginTest" time="4.106">
    <failure type="java.lang.AssertionError" message="expected [true] but found [false]">
      <![CDATA[java.lang.AssertionError: expected [true] but found [false]
at com.Hybride.testcase.TC_LoginPage_001.loginTest(TC_LoginPage_001.java:35)
at java.base/java.util.ArrayList.forEach(ArrayList.java:1541)
... Removed 31 stack frames]]>
    </failure>
  </testcase> <!-- loginTest -->
</testsuite> <!-- Test -->
